   103.9ms (setup:858): 2025-05-05 09:15:39
   104.0ms (setup:859): /usr/bin/pipx install flask
   104.0ms (setup:860): pipx version is 1.4.3
   104.0ms (setup:861): Default python interpreter is '/usr/bin/python3'
   104.0ms (mkdir:74): creating directory /home/marcos/.local/share/pipx/venvs
   104.2ms (mkdir:74): creating directory /home/marcos/.local/bin
   104.2ms (mkdir:74): creating directory /home/marcos/.local/share/man
   104.3ms (mkdir:74): creating directory /home/marcos/.cache/pipx
   104.4ms (setup:870): Adding CACHEDIR.TAG to cache directory
   104.9ms (package_name_from_spec:370): Determined package name: flask
   104.9ms (package_name_from_spec:371): Package name determined in 0.0s
   105.5ms (run_subprocess:168): running /usr/bin/python3 -m venv --without-pip /home/marcos/.local/share/pipx/venvs/flask
   151.3ms (run_subprocess:190): stdout:
   151.3ms (run_subprocess:192): stderr:
   151.4ms (run_subprocess:193): returncode: 0
   152.0ms (run_subprocess:168): running /usr/bin/python3 -m venv --clear /home/marcos/.local/share/pipx/shared
  2599.8ms (run_subprocess:190): stdout:
  2599.8ms (run_subprocess:192): stderr:
  2599.9ms (run_subprocess:193): returncode: 0
  2600.1ms (run_subprocess:168): running <checking pip's availability>
  2616.8ms (run_subprocess:190): stdout: ModuleSpec(name='pip', loader=<_frozen_importlib_external.SourceFileLoader object at 0x7fd34edfdc10>, origin='/home/marcos/.local/share/pipx/shared/lib/python3.12/site-packages/pip/__init__.py', submodule_search_locations=['/home/marcos/.local/share/pipx/shared/lib/python3.12/site-packages/pip'])
  2616.9ms (run_subprocess:193): returncode: 0
  2616.9ms (upgrade:98): Upgrading shared libraries in /home/marcos/.local/share/pipx/shared
  2617.3ms (run_subprocess:168): running /home/marcos/.local/share/pipx/shared/bin/python -m pip --no-input --disable-pip-version-check install --force-reinstall -q --upgrade pip >= 23.1
  5197.6ms (run_subprocess:190): stdout:
  5197.7ms (run_subprocess:192): stderr:
  5197.7ms (run_subprocess:193): returncode: 0
  5198.4ms (run_subprocess:168): running /home/marcos/.local/share/pipx/venvs/flask/bin/python -c import sysconfig; print(sysconfig.get_path('purelib'))
  5215.0ms (run_subprocess:190): stdout: /home/marcos/.local/share/pipx/venvs/flask/lib/python3.12/site-packages
  5215.1ms (run_subprocess:193): returncode: 0
  5215.3ms (run_subprocess:168): running /home/marcos/.local/share/pipx/shared/bin/python -c import sysconfig; print(sysconfig.get_path('purelib'))
  5229.2ms (run_subprocess:190): stdout: /home/marcos/.local/share/pipx/shared/lib/python3.12/site-packages
  5229.3ms (run_subprocess:193): returncode: 0
  5229.5ms (run_subprocess:168): running /home/marcos/.local/share/pipx/venvs/flask/bin/python --version
  5231.8ms (run_subprocess:190): stdout: Python 3.12.3
  5231.8ms (run_subprocess:192): stderr:
  5231.8ms (run_subprocess:193): returncode: 0
  5232.0ms (_parsed_package_to_package_or_url:137): cleaned package spec: flask
  5232.4ms (run_subprocess:168): running /home/marcos/.local/share/pipx/venvs/flask/bin/python -m pip --no-input install flask
  8316.1ms (run_subprocess:193): returncode: 0
  8317.0ms (run_subprocess:168): running <fetch_info_in_venv commands>
  8335.6ms (run_subprocess:190): stdout: {"sys_path": ["/usr/lib/python312.zip", "/usr/lib/python3.12", "/usr/lib/python3.12/lib-dynload", "/home/marcos/.local/share/pipx/venvs/flask/lib/python3.12/site-packages", "/home/marcos/.local/share/pipx/shared/lib/python3.12/site-packages"], "python_version": "3.12.3", "environment": {"implementation_name": "cpython", "implementation_version": "3.12.3", "os_name": "posix", "platform_machine": "x86_64", "platform_release": "6.11.0-25-generic", "platform_system": "Linux", "platform_version": "#25~24.04.1-Ubuntu SMP PREEMPT_DYNAMIC Tue Apr 15 17:20:50 UTC 2", "python_full_version": "3.12.3", "platform_python_implementation": "CPython", "python_version": "3.12", "sys_platform": "linux"}}
  8335.7ms (run_subprocess:193): returncode: 0
  8347.4ms (get_venv_metadata_for_package:339): get_venv_metadata_for_package: 31ms
  8347.5ms (_parsed_package_to_package_or_url:137): cleaned package spec: flask
  8348.3ms (run_subprocess:168): running <checking pip's availability>
  8363.8ms (run_subprocess:190): stdout: ModuleSpec(name='pip', loader=<_frozen_importlib_external.SourceFileLoader object at 0x7789b2d01c40>, origin='/home/marcos/.local/share/pipx/shared/lib/python3.12/site-packages/pip/__init__.py', submodule_search_locations=['/home/marcos/.local/share/pipx/shared/lib/python3.12/site-packages/pip'])
  8363.9ms (run_subprocess:193): returncode: 0
  8364.1ms (run_subprocess:168): running <checking pip's availability>
  8378.5ms (run_subprocess:190): stdout: ModuleSpec(name='pip', loader=<_frozen_importlib_external.SourceFileLoader object at 0x70d5f09fdc10>, origin='/home/marcos/.local/share/pipx/shared/lib/python3.12/site-packages/pip/__init__.py', submodule_search_locations=['/home/marcos/.local/share/pipx/shared/lib/python3.12/site-packages/pip'])
  8378.6ms (run_subprocess:193): returncode: 0
  8380.2ms (warn_if_not_on_path:466): ⚠️  Note: '/home/marcos/.local/bin' is not on your PATH environment variable. These apps will not be globally
    accessible until your PATH is updated. Run `pipx ensurepath` to automatically add it, or manually modify your PATH
    in your shell's config file (i.e. ~/.bashrc).
  8380.3ms (cli:932): pipx finished.
